TN:
SF:d:\Git\AxCommunity\hello-ax-world\test\test.st
FN:8,(Siemens.Ax.MyTestFixture.MyTestMethod)
FNF:1
FNH:1
FNDA:1,(Siemens.Ax.MyTestFixture.MyTestMethod)
DA:12,1
DA:13,1
LF:2
LH:2
BRDA:12,0,0,1
BRF:1
BRH:1
end_of_record
TN:
SF:d:\Git\AxCommunity\hello-ax-world\src\HelloWorldFunction.st
FN:2,(Siemens.Ax.HelloWorldFunction)
FNF:1
FNH:1
FNDA:1,(Siemens.Ax.HelloWorldFunction)
DA:3,1
DA:4,1
LF:2
LH:2
BRDA:3,0,0,1
BRF:1
BRH:1
end_of_record
TN:
SF:d:\Git\AxCommunity\hello-ax-world\src\program.st
FN:1,(MyProgram)
FNF:1
FNH:0
FNDA:0,(MyProgram)
DA:14,0
DA:16,0
LF:2
LH:0
BRDA:14,0,0,0
BRF:1
BRH:0
end_of_record
